#
# There is insufficient memory for the Java Runtime Environment to continue.
# Native memory allocation (mmap) failed to map 65536 bytes for Failed to commit area from 0x00000257513e0000 to 0x00000257513f0000 of length 65536.
# Possible reasons:
#   The system is out of physical RAM or swap space
#   The process is running with CompressedOops enabled, and the Java Heap may be blocking the growth of the native heap
# Possible solutions:
#   Reduce memory load on the system
#   Increase physical memory or swap space
#   Check if swap backing store is full
#   Decrease Java heap size (-Xmx/-Xms)
#   Decrease number of Java threads
#   Decrease Java thread stack sizes (-Xss)
#   Set larger code cache with -XX:ReservedCodeCacheSize=
# This output file may be truncated or incomplete.
#
#  Out of Memory Error (./open/src/hotspot/os/windows/os_windows.cpp:3287), pid=8492, tid=1604
#
# JRE version:  (11.0.15+8) (build )
# Java VM: Java HotSpot(TM) 64-Bit Server VM (11.0.15+8-LTS-149, mixed mode, sharing, tiered, compressed oops, g1 gc, windows-amd64)
# No core dump will be written. Minidumps are not enabled by default on client versions of Windows
#

---------------  S U M M A R Y ------------

Command Line: -javaagent:C:\Program Files\JetBrains\IntelliJ IDEA Community Edition 2022.1.3\lib\idea_rt.jar=60190:C:\Program Files\JetBrains\IntelliJ IDEA Community Edition 2022.1.3\bin -Dfile.encoding=UTF-8 Monobank.APIMonobank

Host: 12th Gen Intel(R) Core(TM) i5-12500, 12 cores, 15G,  Windows 11 , 64 bit Build 22000 (10.0.22000.708)
Time: Sun Jul 17 18:38:17 2022 RTZ 2 (зима) elapsed time: 0.008741 seconds (0d 0h 0m 0s)

---------------  T H R E A D  ---------------

Current thread (0x0000025734f4e000):  JavaThread "Unknown thread" [_thread_in_vm, id=1604, stack(0x000000d1c4700000,0x000000d1c4800000)]

Stack: [0x000000d1c4700000,0x000000d1c4800000]
Native frames: (J=compiled Java code, j=interpreted, Vv=VM code, C=native code)
V  [jvm.dll+0x629d8a]
V  [jvm.dll+0x7638ff]
V  [jvm.dll+0x764fa9]
V  [jvm.dll+0x765633]
V  [jvm.dll+0x23d9c8]
V  [jvm.dll+0x6270aa]
V  [jvm.dll+0x61be35]
V  [jvm.dll+0x2f27dc]
V  [jvm.dll+0x2f2662]
V  [jvm.dll+0x2f74a0]
V  [jvm.dll+0x339db5]
V  [jvm.dll+0x3397c0]
V  [jvm.dll+0x2cfdf8]
V  [jvm.dll+0x2d0f66]
V  [jvm.dll+0x73df07]
V  [jvm.dll+0x73f79f]
V  [jvm.dll+0x346ab9]
V  [jvm.dll+0x723810]
V  [jvm.dll+0x3b56cf]
V  [jvm.dll+0x3b77e1]
C  [jli.dll+0x5207]
C  [ucrtbase.dll+0x26c0c]
C  [KERNEL32.DLL+0x154e0]
C  [ntdll.dll+0x485b]


---------------  P R O C E S S  ---------------

Threads class SMR info:
_java_thread_list=0x0000025732c75430, length=0, elements={
}

Java Threads: ( => current thread )

Other Threads:
  0x0000025734f64800 GCTaskThread "GC Thread#0" [stack: 0x000000d1c4800000,0x000000d1c4900000] [id=18376]
  0x0000025734fc0000 ConcurrentGCThread "G1 Main Marker" [stack: 0x000000d1c4900000,0x000000d1c4a00000] [id=4152]
  0x0000025734fc3000 ConcurrentGCThread "G1 Conc#0" [stack: 0x000000d1c4a00000,0x000000d1c4b00000] [id=11748]

[error occurred during error reporting (printing all threads), id 0xc0000005, EXCEPTION_ACCESS_VIOLATION (0xc0000005) at pc=0x00007ff99077f087]

VM state:not at safepoint (not fully initialized)

VM Mutex/Monitor currently owned by a thread:  ([mutex/lock_event])
[0x0000025734f4a0a0] Heap_lock - owner thread: 0x0000025734f4e000

Heap address: 0x0000000704000000, size: 4032 MB, Compressed Oops mode: Non-zero based: 0x0000000704000000
Narrow klass base: 0x0000000000000000, Narrow klass shift: 0

GC Heap History (0 events):
No events

Deoptimization events (0 events):
No events

Classes redefined (0 events):
No events

Internal exceptions (0 events):
No events

Events (0 events):
No events


Dynamic libraries:
0x00007ff7df440000 - 0x00007ff7df44f000 	C:\Program Files\Java\jdk-11.0.15\bin\java.exe
0x00007ff9f49e0000 - 0x00007ff9f4be9000 	C:\Windows\SYSTEM32\ntdll.dll
0x00007ff9f35e0000 - 0x00007ff9f369d000 	C:\Windows\System32\KERNEL32.DLL
0x00007ff9f24f0000 - 0x00007ff9f2869000 	C:\Windows\System32\KERNELBASE.dll
0x00007ff9f2230000 - 0x00007ff9f2341000 	C:\Windows\System32\ucrtbase.dll
0x00007ff9ee670000 - 0x00007ff9ee688000 	C:\Program Files\Java\jdk-11.0.15\bin\jli.dll
0x00007ff9ee690000 - 0x00007ff9ee6a5000 	C:\Program Files\Java\jdk-11.0.15\bin\VCRUNTIME140.dll
0x00007ff9f3780000 - 0x00007ff9f382e000 	C:\Windows\System32\ADVAPI32.dll
0x00007ff9f28c0000 - 0x00007ff9f2963000 	C:\Windows\System32\msvcrt.dll
0x00007ff9f4290000 - 0x00007ff9f432e000 	C:\Windows\System32\sechost.dll
0x00007ff9f2d00000 - 0x00007ff9f2e20000 	C:\Windows\System32\RPCRT4.dll
0x00007ff9f3830000 - 0x00007ff9f39dc000 	C:\Windows\System32\USER32.dll
0x00007ff9f1ff0000 - 0x00007ff9f2016000 	C:\Windows\System32\win32u.dll
0x00007ff9e1b70000 - 0x00007ff9e1e15000 	C:\Windows\WinSxS\amd64_microsoft.windows.common-controls_6595b64144ccf1df_6.0.22000.120_none_9d947278b86cc467\COMCTL32.dll
0x00007ff9f2870000 - 0x00007ff9f2899000 	C:\Windows\System32\GDI32.dll
0x00007ff9f23d0000 - 0x00007ff9f24e2000 	C:\Windows\System32\gdi32full.dll
0x00007ff9f2020000 - 0x00007ff9f20bd000 	C:\Windows\System32\msvcp_win.dll
0x00007ff9eaa10000 - 0x00007ff9eaa1a000 	C:\Windows\SYSTEM32\VERSION.dll
0x00007ff9f4330000 - 0x00007ff9f4361000 	C:\Windows\System32\IMM32.DLL
0x00007ff9db9a0000 - 0x00007ff9dba3b000 	C:\Program Files\Java\jdk-11.0.15\bin\msvcp140.dll
0x00007ff9904a0000 - 0x00007ff990fb6000 	C:\Program Files\Java\jdk-11.0.15\bin\server\jvm.dll
0x00007ff9f47f0000 - 0x00007ff9f47f8000 	C:\Windows\System32\PSAPI.DLL
0x00007ff9d3e20000 - 0x00007ff9d3e29000 	C:\Windows\SYSTEM32\WSOCK32.dll
0x00007ff9ec5a0000 - 0x00007ff9ec5d3000 	C:\Windows\SYSTEM32\WINMM.dll
0x00007ff9f3340000 - 0x00007ff9f33af000 	C:\Windows\System32\WS2_32.dll
0x00007ff9f0f80000 - 0x00007ff9f0f98000 	C:\Windows\SYSTEM32\kernel.appcore.dll
0x00007ff9ee660000 - 0x00007ff9ee670000 	C:\Program Files\Java\jdk-11.0.15\bin\verify.dll
0x00007ff9e6730000 - 0x00007ff9e6951000 	C:\Windows\SYSTEM32\DBGHELP.DLL
0x00007ff9c6a00000 - 0x00007ff9c6a31000 	C:\Windows\SYSTEM32\dbgcore.DLL
0x00007ff9f2350000 - 0x00007ff9f23cf000 	C:\Windows\System32\bcryptPrimitives.dll
0x00007ff9ee630000 - 0x00007ff9ee658000 	C:\Program Files\Java\jdk-11.0.15\bin\java.dll
0x00007ff9ee620000 - 0x00007ff9ee62a000 	C:\Program Files\Java\jdk-11.0.15\bin\jimage.dll
0x00007ff9eebf0000 - 0x00007ff9eebfe000 	C:\Program Files\Java\jdk-11.0.15\bin\instrument.dll
0x00007ff9ee600000 - 0x00007ff9ee616000 	C:\Program Files\Java\jdk-11.0.15\bin\zip.dll

dbghelp: loaded successfully - version: 4.0.5 - missing functions: none
symbol engine: initialized successfully - sym options: 0x614 - pdb path: .;C:\Program Files\Java\jdk-11.0.15\bin;C:\Windows\SYSTEM32;C:\Windows\WinSxS\amd64_microsoft.windows.common-controls_6595b64144ccf1df_6.0.22000.120_none_9d947278b86cc467;C:\Program Files\Java\jdk-11.0.15\bin\server

VM Arguments:
jvm_args: -javaagent:C:\Program Files\JetBrains\IntelliJ IDEA Community Edition 2022.1.3\lib\idea_rt.jar=60190:C:\Program Files\JetBrains\IntelliJ IDEA Community Edition 2022.1.3\bin -Dfile.encoding=UTF-8 
java_command: Monobank.APIMonobank
java_class_path (initial): D:\GoIT\projectGroup1\target\classes;C:\Users\Maks\.m2\repository\org\telegram\telegrambots\6.1.0\telegrambots-6.1.0.jar;C:\Users\Maks\.m2\repository\org\telegram\telegrambots-meta\6.1.0\telegrambots-meta-6.1.0.jar;C:\Users\Maks\.m2\repository\com\google\guava\guava\31.1-jre\guava-31.1-jre.jar;C:\Users\Maks\.m2\repository\com\google\guava\failureaccess\1.0.1\failureaccess-1.0.1.jar;C:\Users\Maks\.m2\repository\com\google\guava\listenablefuture\9999.0-empty-to-avoid-conflict-with-guava\listenablefuture-9999.0-empty-to-avoid-conflict-with-guava.jar;C:\Users\Maks\.m2\repository\com\google\code\findbugs\jsr305\3.0.2\jsr305-3.0.2.jar;C:\Users\Maks\.m2\repository\org\checkerframework\checker-qual\3.12.0\checker-qual-3.12.0.jar;C:\Users\Maks\.m2\repository\com\google\errorprone\error_prone_annotations\2.11.0\error_prone_annotations-2.11.0.jar;C:\Users\Maks\.m2\repository\com\google\j2objc\j2objc-annotations\1.3\j2objc-annotations-1.3.jar;C:\Users\Maks\.m2\repository\com\fasterxml\jackson\core\jackson-annotations\2.13.2\jackson-annotations-2.13.2.jar;C:\Users\Maks\.m2\repository\com\fasterxml\jackson\jaxrs\jackson-jaxrs-json-provider\2.13.2\jackson-jaxrs-json-provider-2.13.2.jar;C:\Users\Maks\.m2\repository\com\fasterxml\jackson\jaxrs\jackson-jaxrs-base\2.13.2\jackson-jaxrs-base-2.13.2.jar;C:\Users\Maks\.m2\repository\com\fasterxml\jackson\module\jackson-module-jaxb-annotations\2.13.2\jackson-module-jaxb-annotations-2.13.2.jar;C:\Users\Maks\.m2\repository\com\fasterxml\jackson\core\jackson-core\2.13.2\jackson-core-2.13.2.jar;C:\Users\Maks\.m2\repository\jakarta\xml\bind\jakarta.xml.bind-api\2.3.3\jakarta.xml.bind-api-2.3.3.jar;C:\Users\Maks\.m2\repository\com\fasterxml\jackson\core\jackson-databind\2.13.2.2\jackson-databind-2.13.2.2.jar;C:\Users\Maks\.m2\repository\org\glassfish\jersey\inject\jersey-hk2\2.35\jersey-hk2-2.35.jar;C:\Users\Maks\.m2\repository\org\glassfish\jersey\core\jersey-common\2.35\jersey-common-2.35.jar;C:\Users\Maks\.m2\repo
Launcher Type: SUN_STANDARD

[Global flags]
     intx CICompilerCount                          = 4                                         {product} {ergonomic}
     uint ConcGCThreads                            = 3                                         {product} {ergonomic}
     uint G1ConcRefinementThreads                  = 10                                        {product} {ergonomic}
   size_t G1HeapRegionSize                         = 1048576                                   {product} {ergonomic}
    uintx GCDrainStackTargetSize                   = 64                                        {product} {ergonomic}
   size_t InitialHeapSize                          = 264241152                                 {product} {ergonomic}
   size_t MarkStackSize                            = 4194304                                   {product} {ergonomic}
   size_t MaxHeapSize                              = 4227858432                                {product} {ergonomic}
   size_t MinHeapDeltaBytes                        = 1048576                                   {product} {ergonomic}
    uintx NonNMethodCodeHeapSize                   = 5836300                                {pd product} {ergonomic}
    uintx NonProfiledCodeHeapSize                  = 122910970                              {pd product} {ergonomic}
    uintx ProfiledCodeHeapSize                     = 122910970                              {pd product} {ergonomic}
    uintx ReservedCodeCacheSize                    = 251658240                              {pd product} {ergonomic}
     bool SegmentedCodeCache                       = true                                      {product} {ergonomic}
     bool UseCompressedClassPointers               = true                                 {lp64_product} {ergonomic}
     bool UseCompressedOops                        = true                                 {lp64_product} {ergonomic}
     bool UseG1GC                                  = true                                      {product} {ergonomic}
     bool UseLargePagesIndividualAllocation        = false                                  {pd product} {ergonomic}

Logging:
Log output configuration:
 #0: stdout all=warning uptime,level,tags
 #1: stderr all=off uptime,level,tags

Environment Variables:
JAVA_HOME=C:\Program Files\Java\jdk-11.0.15
PATH=C:\Program Files\Common Files\Oracle\Java\javapath;C:\Windows\system32;C:\Windows;C:\Windows\System32\Wbem;C:\Windows\System32\WindowsPowerShell\v1.0\;C:\Windows\System32\OpenSSH\;C:\Program Files (x86)\NVIDIA Corporation\PhysX\Common;C:\Program Files\NVIDIA Corporation\NVIDIA NvDLISR;C:\Program Files\Git\cmd;C:\Users\Maks\AppData\Local\Microsoft\WindowsApps;C:\Program Files\Java\jdk-11.0.15\bin;;C:\Program Files\JetBrains\IntelliJ IDEA Community Edition 2022.1.3\bin;
USERNAME=Maks
OS=Windows_NT
PROCESSOR_IDENTIFIER=Intel64 Family 6 Model 151 Stepping 5, GenuineIntel



---------------  S Y S T E M  ---------------

OS: Windows 11 , 64 bit Build 22000 (10.0.22000.708)
Hyper-V role detected

CPU:total 12 (initial active 12) (6 cores per cpu, 2 threads per core) family 6 model 151 stepping 5 microcode 0x1f, cmov, cx8, fxsr, mmx, sse, sse2, sse3, ssse3, sse4.1, sse4.2, popcnt, avx, avx2, aes, clmul, erms, 3dnowpref, lzcnt, ht, tsc, tscinvbit, bmi1, bmi2, adx, sha, fma

Memory: 4k page, system-wide physical 16125M (4006M free)
TotalPageFile size 16125M (AvailPageFile size 3M)
current process WorkingSet (physical memory assigned to process): 14M, peak: 14M
current process commit charge ("private bytes"): 323M, peak: 323M

vm_info: Java HotSpot(TM) 64-Bit Server VM (11.0.15+8-LTS-149) for windows-amd64 JRE (11.0.15+8-LTS-149), built on Mar  9 2022 22:42:32 by "mach5one" with MS VC++ 15.9 (VS2017)

END.
