#
# There is insufficient memory for the Java Runtime Environment to continue.
# Native memory allocation (mmap) failed to map 264241152 bytes for Failed to commit area from 0x0000000704000000 to 0x0000000713c00000 of length 264241152.
# Possible reasons:
#   The system is out of physical RAM or swap space
#   The process is running with CompressedOops enabled, and the Java Heap may be blocking the growth of the native heap
# Possible solutions:
#   Reduce memory load on the system
#   Increase physical memory or swap space
#   Check if swap backing store is full
#   Decrease Java heap size (-Xmx/-Xms)
#   Decrease number of Java threads
#   Decrease Java thread stack sizes (-Xss)
#   Set larger code cache with -XX:ReservedCodeCacheSize=
# This output file may be truncated or incomplete.
#
#  Out of Memory Error (./src/hotspot/os/windows/os_windows.cpp:3619), pid=10556, tid=12360
#
# JRE version:  (11.0.13+7) (build )
# Java VM: OpenJDK 64-Bit Server VM (11.0.13+7-b1751.25, mixed mode, sharing, tiered, compressed oops, g1 gc, windows-amd64)
# No core dump will be written. Minidumps are not enabled by default on client versions of Windows
#

---------------  S U M M A R Y ------------

Command Line: git4idea.http.GitAskPassApp Username for 'https://github.com': 

Host: 12th Gen Intel(R) Core(TM) i5-12500, 12 cores, 15G,  Windows 11 , 64 bit Build 22000 (10.0.22000.708)
Time: Sat Jul 16 19:13:08 2022 Центральная Европа (лето) elapsed time: 0.005481 seconds (0d 0h 0m 0s)

---------------  T H R E A D  ---------------

Current thread (0x000002579fff3000):  JavaThread "Unknown thread" [_thread_in_vm, id=12360, stack(0x000000a8b3700000,0x000000a8b3800000)]

Stack: [0x000000a8b3700000,0x000000a8b3800000]
Native frames: (J=compiled Java code, j=interpreted, Vv=VM code, C=native code)
V  [jvm.dll+0x613daa]
V  [jvm.dll+0x799b30]
V  [jvm.dll+0x79b14d]
V  [jvm.dll+0x79b823]
V  [jvm.dll+0x24c958]
V  [jvm.dll+0x610e24]
V  [jvm.dll+0x605b25]
V  [jvm.dll+0x30aaab]
V  [jvm.dll+0x30aa1a]
V  [jvm.dll+0x30a8f2]
V  [jvm.dll+0x30f856]
V  [jvm.dll+0x359143]
V  [jvm.dll+0x359846]
V  [jvm.dll+0x359243]
V  [jvm.dll+0x2e57a8]
V  [jvm.dll+0x2e6947]
V  [jvm.dll+0x776d47]
V  [jvm.dll+0x77853c]
V  [jvm.dll+0x3666c9]
V  [jvm.dll+0x75a9ce]
V  [jvm.dll+0x3d47d3]
V  [jvm.dll+0x3d6d21]
C  [jli.dll+0x536b]
C  [ucrtbase.dll+0x26c0c]
C  [KERNEL32.DLL+0x154e0]
C  [ntdll.dll+0x485b]


---------------  P R O C E S S  ---------------

Threads class SMR info:
_java_thread_list=0x000002579de83c80, length=0, elements={
}

Java Threads: ( => current thread )

Other Threads:
  0x00000257a000c800 GCTaskThread "GC Thread#0" [stack: 0x000000a8b3800000,0x000000a8b3900000] [id=11992]
  0x00000257a0069800 ConcurrentGCThread "G1 Main Marker" [stack: 0x000000a8b3900000,0x000000a8b3a00000] [id=5924]
  0x00000257a006a800 ConcurrentGCThread "G1 Conc#0" [stack: 0x000000a8b3a00000,0x000000a8b3b00000] [id=6016]

[error occurred during error reporting (printing all threads), id 0xc0000005, EXCEPTION_ACCESS_VIOLATION (0xc0000005) at pc=0x00007fffc6745c97]

VM state:not at safepoint (not fully initialized)

VM Mutex/Monitor currently owned by a thread:  ([mutex/lock_event])
[0x000002579ffef940] Heap_lock - owner thread: 0x000002579fff3000

Heap address: 0x0000000704000000, size: 4032 MB, Compressed Oops mode: Non-zero based: 0x0000000704000000
Narrow klass base: 0x0000000000000000, Narrow klass shift: 0

GC Heap History (0 events):
No events

Deoptimization events (0 events):
No events

Classes redefined (0 events):
No events

Internal exceptions (0 events):
No events

Events (1 events):
Event: 0.003 Loaded shared library C:\Program Files\JetBrains\IntelliJ IDEA Community Edition 2021.3.2\jbr\bin\zip.dll


Dynamic libraries:
0x00007ff75e340000 - 0x00007ff75e34a000 	C:\Program Files\JetBrains\IntelliJ IDEA Community Edition 2021.3.2\jbr\bin\java.exe
0x00007ff800320000 - 0x00007ff800529000 	C:\Windows\SYSTEM32\ntdll.dll
0x00007fffffbb0000 - 0x00007fffffc6d000 	C:\Windows\System32\KERNEL32.DLL
0x00007ffffd8b0000 - 0x00007ffffdc29000 	C:\Windows\System32\KERNELBASE.dll
0x00007ffffdf60000 - 0x00007ffffe071000 	C:\Windows\System32\ucrtbase.dll
0x00007fffe6a20000 - 0x00007fffe6a37000 	C:\Program Files\JetBrains\IntelliJ IDEA Community Edition 2021.3.2\jbr\bin\VCRUNTIME140.dll
0x00007fffe66d0000 - 0x00007fffe66e9000 	C:\Program Files\JetBrains\IntelliJ IDEA Community Edition 2021.3.2\jbr\bin\jli.dll
0x00007fffff3d0000 - 0x00007fffff57c000 	C:\Windows\System32\USER32.dll
0x00007ffff15c0000 - 0x00007ffff1865000 	C:\Windows\WinSxS\amd64_microsoft.windows.common-controls_6595b64144ccf1df_6.0.22000.120_none_9d947278b86cc467\COMCTL32.dll
0x00007ffffdc30000 - 0x00007ffffdc56000 	C:\Windows\System32\win32u.dll
0x00007fffffa10000 - 0x00007fffffab3000 	C:\Windows\System32\msvcrt.dll
0x00007ff800190000 - 0x00007ff8001b9000 	C:\Windows\System32\GDI32.dll
0x00007ffffe080000 - 0x00007ffffe192000 	C:\Windows\System32\gdi32full.dll
0x00007ffffdc60000 - 0x00007ffffdcfd000 	C:\Windows\System32\msvcp_win.dll
0x00007ff8000e0000 - 0x00007ff800111000 	C:\Windows\System32\IMM32.DLL
0x00007fffca860000 - 0x00007fffca8fd000 	C:\Program Files\JetBrains\IntelliJ IDEA Community Edition 2021.3.2\jbr\bin\msvcp140.dll
0x00007fffc6450000 - 0x00007fffc6fc6000 	C:\Program Files\JetBrains\IntelliJ IDEA Community Edition 2021.3.2\jbr\bin\server\jvm.dll
0x00007ffffe400000 - 0x00007ffffe4ae000 	C:\Windows\System32\ADVAPI32.dll
0x00007ffffe1a0000 - 0x00007ffffe23e000 	C:\Windows\System32\sechost.dll
0x00007fffff660000 - 0x00007fffff780000 	C:\Windows\System32\RPCRT4.dll
0x00007ff800020000 - 0x00007ff800028000 	C:\Windows\System32\PSAPI.DLL
0x00007ffffaaa0000 - 0x00007ffffaaa9000 	C:\Windows\SYSTEM32\WSOCK32.dll
0x00007ffff8510000 - 0x00007ffff8543000 	C:\Windows\SYSTEM32\WINMM.dll
0x00007ffffe510000 - 0x00007ffffe57f000 	C:\Windows\System32\WS2_32.dll
0x00007ffff7d20000 - 0x00007ffff7d2a000 	C:\Windows\SYSTEM32\VERSION.dll
0x00007ffffc8f0000 - 0x00007ffffc908000 	C:\Windows\SYSTEM32\kernel.appcore.dll
0x00007ffff9d20000 - 0x00007ffff9d31000 	C:\Program Files\JetBrains\IntelliJ IDEA Community Edition 2021.3.2\jbr\bin\verify.dll
0x00007ffff2440000 - 0x00007ffff2661000 	C:\Windows\SYSTEM32\DBGHELP.DLL
0x00007fffe7e80000 - 0x00007fffe7eb1000 	C:\Windows\SYSTEM32\dbgcore.DLL
0x00007ffffdd00000 - 0x00007ffffdd7f000 	C:\Windows\System32\bcryptPrimitives.dll
0x00007ffff0300000 - 0x00007ffff0329000 	C:\Program Files\JetBrains\IntelliJ IDEA Community Edition 2021.3.2\jbr\bin\java.dll
0x00007ffffaa90000 - 0x00007ffffaa9b000 	C:\Program Files\JetBrains\IntelliJ IDEA Community Edition 2021.3.2\jbr\bin\jimage.dll
0x00007fffec350000 - 0x00007fffec368000 	C:\Program Files\JetBrains\IntelliJ IDEA Community Edition 2021.3.2\jbr\bin\zip.dll

dbghelp: loaded successfully - version: 4.0.5 - missing functions: none
symbol engine: initialized successfully - sym options: 0x614 - pdb path: .;C:\Program Files\JetBrains\IntelliJ IDEA Community Edition 2021.3.2\jbr\bin;C:\Windows\SYSTEM32;C:\Windows\WinSxS\amd64_microsoft.windows.common-controls_6595b64144ccf1df_6.0.22000.120_none_9d947278b86cc467;C:\Program Files\JetBrains\IntelliJ IDEA Community Edition 2021.3.2\jbr\bin\server

VM Arguments:
java_command: git4idea.http.GitAskPassApp Username for 'https://github.com': 
java_class_path (initial): C:/Program Files/JetBrains/IntelliJ IDEA Community Edition 2021.3.2/plugins/git4idea/lib/git4idea-rt.jar;C:/Program Files/JetBrains/IntelliJ IDEA Community Edition 2021.3.2/lib/3rd-party.jar;C:/Program Files/JetBrains/IntelliJ IDEA Community Edition 2021.3.2/lib/3rd-party-rt.jar
Launcher Type: SUN_STANDARD

[Global flags]
     intx CICompilerCount                          = 4                                         {product} {ergonomic}
     uint ConcGCThreads                            = 3                                         {product} {ergonomic}
     uint G1ConcRefinementThreads                  = 10                                        {product} {ergonomic}
   size_t G1HeapRegionSize                         = 1048576                                   {product} {ergonomic}
    uintx GCDrainStackTargetSize                   = 64                                        {product} {ergonomic}
   size_t InitialHeapSize                          = 264241152                                 {product} {ergonomic}
   size_t MarkStackSize                            = 4194304                                   {product} {ergonomic}
   size_t MaxHeapSize                              = 4227858432                                {product} {ergonomic}
   size_t MinHeapDeltaBytes                        = 1048576                                   {product} {ergonomic}
    uintx NonNMethodCodeHeapSize                   = 5836300                                {pd product} {ergonomic}
    uintx NonProfiledCodeHeapSize                  = 122910970                              {pd product} {ergonomic}
    uintx ProfiledCodeHeapSize                     = 122910970                              {pd product} {ergonomic}
    uintx ReservedCodeCacheSize                    = 251658240                              {pd product} {ergonomic}
     bool SegmentedCodeCache                       = true                                      {product} {ergonomic}
     bool UseCompressedClassPointers               = true                                 {lp64_product} {ergonomic}
     bool UseCompressedOops                        = true                                 {lp64_product} {ergonomic}
     bool UseG1GC                                  = true                                      {product} {ergonomic}
     bool UseLargePagesIndividualAllocation        = false                                  {pd product} {ergonomic}

Logging:
Log output configuration:
 #0: stdout all=warning uptime,level,tags
 #1: stderr all=off uptime,level,tags

Environment Variables:
JAVA_HOME=C:\Program Files\Java\jdk-11.0.13
PATH=C:\Program Files\Git\mingw64\libexec\git-core;C:\Program Files\Git\mingw64\libexec\git-core;C:\Program Files\Git\mingw64\bin;C:\Program Files\Git\usr\bin;C:\Users\Maks\bin;C:\Program Files\Common Files\Oracle\Java\javapath;C:\Program Files\Eclipse Adoptium\jdk-11.0.14.101-hotspot\bin;C:\Windows\system32;C:\Windows;C:\Windows\System32\Wbem;C:\Windows\System32\WindowsPowerShell\v1.0;C:\Windows\System32\OpenSSH;C:\Program Files (x86)\NVIDIA Corporation\PhysX\Common;C:\Program Files\NVIDIA Corporation\NVIDIA NvDLISR;C:\Program Files\Git\cmd;C:\Users\Maks\AppData\Local\Microsoft\WindowsApps;C:\Users\Макс\AppData\Local\Programs\Microsoft VS Code\bin;C:\Program Files\Java\jdk-11.0.13\bin;C:\Program Files\JetBrains\IntelliJ IDEA Community Edition 2021.3.2\bin
USERNAME=Maks
DISPLAY=:0.0
LC_ALL=en_US.UTF-8
OS=Windows_NT
PROCESSOR_IDENTIFIER=Intel64 Family 6 Model 151 Stepping 5, GenuineIntel



---------------  S Y S T E M  ---------------

OS: Windows 11 , 64 bit Build 22000 (10.0.22000.708)
OS uptime: 0 days 5:29 hours

CPU:total 12 (initial active 12) (6 cores per cpu, 2 threads per core) family 6 model 151 stepping 5 microcode 0x1f, cmov, cx8, fxsr, mmx, sse, sse2, sse3, ssse3, sse4.1, sse4.2, popcnt, avx, avx2, aes, clmul, erms, 3dnowpref, lzcnt, ht, tsc, tscinvbit, bmi1, bmi2, adx, sha, fma

Memory: 4k page, system-wide physical 16125M (5835M free)
TotalPageFile size 16125M (AvailPageFile size 237M)
current process WorkingSet (physical memory assigned to process): 10M, peak: 10M
current process commit charge ("private bytes"): 64M, peak: 316M

vm_info: OpenJDK 64-Bit Server VM (11.0.13+7-b1751.25) for windows-amd64 JRE (11.0.13+7-b1751.25), built on Jan 13 2022 20:47:27 by "" with MS VC++ 14.0 (VS2015)

END.
